<?xml version="1.0" encoding="UTF-8"?>
<!-- Generated by org.testng.reporters.JUnitReportReporter -->
<testsuite hostname="Vayuputhra" name="TestClasses.MobileGestures" tests="2" failures="0" timestamp="27 Mar 2017 01:39:45 GMT" time="18.655" errors="0">
  <testcase name="testSteps2" time="18.647" classname="TestClasses.MobileGestures"/>
  <testcase name="testSteps2b" time="0.008" classname="TestClasses.MobileGestures"/>
</testsuite> <!-- TestClasses.MobileGestures -->
