<?xml version="1.0" encoding="UTF-8"?>
<!-- Generated by org.testng.reporters.JUnitReportReporter -->
<testsuite hostname="Vayuputhra" name="TestClasses.Test_01" tests="2" failures="0" timestamp="27 Mar 2017 01:39:45 GMT" time="16.373" errors="0">
  <testcase name="testSteps" time="16.366" classname="TestClasses.Test_01"/>
  <testcase name="testSteps2" time="0.007" classname="TestClasses.Test_01"/>
</testsuite> <!-- TestClasses.Test_01 -->
